------------------------------------------------- Captured stdout setup --------------------------------------------------
Files already downloaded and verified
================================================ short test summary info =================================================
FAILED tests/test_model.py::test_unet[input_tensor0-10] - RuntimeError: Sizes of tensors must match except in dimension 1. Expected size 8 but got size 4 for tensor number 1 i...
FAILED tests/test_model.py::test_unet[input_tensor1-20] - RuntimeError: The size of tensor a (2) must match the size of tensor b (256) at non-singleton dimension 3
FAILED tests/test_model.py::test_unet[input_tensor2-30] - RuntimeError: The size of tensor a (4) must match the size of tensor b (256) at non-singleton dimension 3
FAILED tests/test_model.py::test_unet[input_tensor3-40] - RuntimeError: The size of tensor a (8) must match the size of tensor b (256) at non-singleton dimension 3
FAILED tests/test_model.py::test_diffusion - RuntimeError: Sizes of tensors must match except in dimension 1. Expected size 16 but got size 4 for tensor number 1 ...
FAILED tests/test_pipeline.py::test_train_on_one_batch[cpu] - RuntimeError: Sizes of tensors must match except in dimension 1. Expected size 16 but got size 4 for tensor number 1 ...
FAILED tests/test_pipeline.py::test_train_on_one_batch[cuda] - RuntimeError: Found no NVIDIA driver on your system. Please check that you have an NVIDIA GPU and installed a driver ...